<?xml version="1.0" encoding="UTF-8"?>
<!-- Generated by org.testng.reporters.JUnitReportReporter -->
<testsuite hostname="BA-000708631" failures="0" tests="2" name="tests.LoginTest" time="31.861" errors="0" timestamp="2025-06-19T23:04:02 IST" skipped="0">
  <testcase classname="tests.LoginTest" name="loginTest" time="14.929"/>
  <testcase classname="tests.LoginTest" name="loginTest" time="16.932"/>
</testsuite> <!-- tests.LoginTest -->
