<?xml version="1.0" encoding="UTF-8"?>
<!-- Generated by org.testng.reporters.JUnitReportReporter -->
<testsuite hostname="BA-000708631" failures="0" tests="1" name="tests.LoginTest" time="24.716" errors="0" timestamp="2025-06-19T22:57:37 IST" skipped="0">
  <testcase classname="tests.LoginTest" name="loginTest" time="24.716"/>
</testsuite> <!-- tests.LoginTest -->
